<?xml version="1.0" encoding="UTF-8"?>
<testng-results ignored="0" total="1" passed="1" failed="0" skipped="0">
  <reporter-output>
  </reporter-output>
  <suite started-at="2024-01-04T14:02:37 IST" name="Default suite" finished-at="2024-01-04T14:02:55 IST" duration-ms="17904">
    <groups>
    </groups>
    <test started-at="2024-01-04T14:02:37 IST" name="Default test" finished-at="2024-01-04T14:02:55 IST" duration-ms="17904">
      <class name="Module1_Login_Test.SwagLabLoginTest">
        <test-method is-config="true" signature="openBrowser()[pri:0, instance:Module1_Login_Test.SwagLabLoginTest@7334aada]" started-at="2024-01-04T14:02:37 IST" name="openBrowser" finished-at="2024-01-04T14:02:45 IST" duration-ms="7574" status="PASS">
          <reporter-output>
          </reporter-output>
        </test-method> <!-- openBrowser -->
        <test-method is-config="true" signature="loginToApp()[pri:0, instance:Module1_Login_Test.SwagLabLoginTest@7334aada]" started-at="2024-01-04T14:02:45 IST" name="loginToApp" finished-at="2024-01-04T14:02:50 IST" duration-ms="5285" status="PASS">
          <reporter-output>
          </reporter-output>
        </test-method> <!-- loginToApp -->
        <test-method signature="VerifyTitle()[pri:0, instance:Module1_Login_Test.SwagLabLoginTest@7334aada]" started-at="2024-01-04T14:02:50 IST" name="VerifyTitle" finished-at="2024-01-04T14:02:51 IST" duration-ms="756" status="PASS">
          <reporter-output>
          </reporter-output>
        </test-method> <!-- VerifyTitle -->
        <test-method is-config="true" signature="logoutFromApp(org.testng.ITestResult)[pri:0, instance:Module1_Login_Test.SwagLabLoginTest@7334aada]" started-at="2024-01-04T14:02:51 IST" name="logoutFromApp" finished-at="2024-01-04T14:02:55 IST" duration-ms="4121" status="PASS">
          <params>
            <param index="0">
              <value>
                <![CDATA[[TestResult name=VerifyTitle status=SUCCESS method=SwagLabLoginTest.VerifyTitle()[pri:0, instance:Module1_Login_Test.SwagLabLoginTest@7334aada] output={null}]]]>
              </value>
            </param>
          </params>
          <reporter-output>
          </reporter-output>
        </test-method> <!-- logoutFromApp -->
        <test-method is-config="true" signature="closeBrowser()[pri:0, instance:Module1_Login_Test.SwagLabLoginTest@7334aada]" started-at="2024-01-04T14:02:55 IST" name="closeBrowser" finished-at="2024-01-04T14:02:55 IST" duration-ms="148" status="PASS">
          <reporter-output>
          </reporter-output>
        </test-method> <!-- closeBrowser -->
      </class> <!-- Module1_Login_Test.SwagLabLoginTest -->
    </test> <!-- Default test -->
  </suite> <!-- Default suite -->
</testng-results>
